{
  arg = "gH_ThJxfSqE";
  title = "music adding failed";
  timestemp = "Sun Oct  3 21:25:11 2021";
  voiceChannelID = "873422144531488781";
  this = {
    handler = {
      [1] = {
        [1] = {
          [1] = {
            [1] = {
              messageCreate = {
                [1] = {
                  fn = function: 0x8351f41680;
                };
              };
            };
            [2] = {
              maxRetries = 5;
              gatewayFile = "gateway.json";
              firstShard = 0;
              autoReconnect = true;
              cacheAllMembers = false;
              shardCount = 0;
              syncGuilds = false;
              compress = true;
              dateTime = "%F %T";
              logLevel = 3;
              bitrate = 64000;
              routeDelay = 250;
              logFile = "discordia.log";
              largeThreshold = 100;
              lastShard = -1;
            };
            [3] = {
              [0] = {
                [1] = {};
                [2] = "#Recursive detected#";
                [3] = {
                  [1] = {};
                  [2] = 0;
                  [3] = -1;
                  [4] = false;
                };
                [4] = {
                  [1] = 1.634470019291e+14;
                };
                [5] = 0;
                [6] = "#Recursive detected#";
                [7] = 1000;
                [8] = function: 0x8352191ca0;
                [9] = function: 0x83521de790;
                [11] = uv_timer_t: 0x83529fe030;
                [12] = 43;
                [13] = "2f674f13f3a8c0e3afad3af1bfe598f1";
                [14] = true;
              };
            };
            [4] = {
              [1] = "#Recursive detected#";
              [2] = {
                ["/channels/893784806935126056/messages"] = "#Recursive detected#";
                ["/channels/893784806935126056/messages/:id"] = "#Recursive detected#";
              };
              [3] = "Bot ODI4ODk0NDgxMjg5OTY5NjY1.YGwOJA.UKTxDbmGaDah782PWD9SSDbkY-0";
            };
            [5] = "#Recursive detected#";
            [6] = {
              745985317240307762 = {
                [1] = "#Recursive detected#";
                [2] = "7825";
                [4] = "745985317240307762";
                [6] = true;
                [7] = "a38c5a76edf75abf53390bccbaffd9ae";
                [14] = "잌 (장난감 봇)";
              };
              850549472228409345 = {
                [1] = "#Recursive detected#";
                [2] = "7486";
                [4] = "850549472228409345";
                [7] = "c97bc4e05689f846c14192b9e21464a0";
                [14] = "곁들인 상추";
              };
              769831361112309800 = {
                [1] = "#Recursive detected#";
                [2] = "1246";
                [4] = "769831361112309800";
                [10] = 256;
                [14] = "새리";
              };
              235088799074484224 = {
                [1] = "#Recursive detected#";
                [2] = "3722";
                [4] = "235088799074484224";
                [6] = true;
                [7] = "9b29bfc497a70b6cc85bb2087936f8fd";
                [10] = 65536;
                [14] = "Rythm";
              };
              414925323197612032 = {
                [1] = "#Recursive detected#";
                [2] = "9735";
                [4] = "414925323197612032";
                [6] = true;
                [7] = "5903cdb6377fc799f08c16f9f2dbe75a";
                [10] = 65536;
                [14] = "KDBot";
              };
              797445655563993099 = {
                [1] = "#Recursive detected#";
                [2] = "9532";
                [4] = "797445655563993099";
                [14] = "기록봇";
                [6] = true;
              };
              803695904023904256 = {
                [1] = "#Recursive detected#";
                [2] = "9281";
                [14] = "-_-.";
                [4] = "803695904023904256";
              };
              721007349904441374 = {
                [1] = "#Recursive detected#";
                [2] = "9832";
                [4] = "721007349904441374";
                [7] = "53036e9f8b385a79aa457c22a5a03068";
                [14] = "달이다";
              };
              547905866255433758 = {
                [1] = "#Recursive detected#";
                [2] = "1214";
                [4] = "547905866255433758";
                [6] = true;
                [7] = "6db57ae216790490f53cbd9e2a49d486";
                [10] = 65536;
                [14] = "Hydra";
              };
              767996003713548310 = {
                [1] = "#Recursive detected#";
                [2] = "7484";
                [4] = "767996003713548310";
                [7] = "a03a40ac578962fa1d6f20c2ead01818";
                [14] = "가영";
              };
              528646298208043053 = {
                [1] = "#Recursive detected#";
                [2] = "6920";
                [4] = "528646298208043053";
                [7] = "60fa9b6c470641a435082a03ced7d59a";
                [10] = 0;
                [14] = "쏘루";
              };
              870241583184887849 = {
                [1] = "#Recursive detected#";
                [2] = "8414";
                [4] = "870241583184887849";
                [6] = true;
                [7] = "96703505773c97ea5654ad8065bfc392";
                [14] = "Satgod Entertainment Bot";
              };
              828894481289969665 = {
                [1] = "#Recursive detected#";
                [2] = "6938";
                [4] = "828894481289969665";
                [5] = true;
                [6] = true;
                [7] = "48aae1de0adbf0a8e9b16350add0f3a2";
                [10] = 0;
                [12] = 0;
                [13] = true;
                [14] = "미나";
                [15] = "en-US";
                [16] = "";
              };
              889816076802748437 = {
                [1] = "#Recursive detected#";
                [2] = "1149";
                [14] = "이황제";
                [4] = "889816076802748437";
              };
              624833795228434435 = {
                [1] = "#Recursive detected#";
                [2] = "9467";
                [4] = "624833795228434435";
                [7] = "2a2f8b67d8e597080b8d354782b00e26";
                [14] = "MASTA©";
              };
              218010938807287808 = {
                [1] = "#Recursive detected#";
                [2] = "1657";
                [4] = "218010938807287808";
                [6] = true;
                [7] = "be6672594da87c2c8d33d09c63d7351d";
                [10] = 65536;
                [14] = "마냥";
              };
              817250627460530196 = {
                [1] = "#Recursive detected#";
                [2] = "4561";
                [4] = "817250627460530196";
                [7] = "a798e155f78b1d3459975815fe7a0a1a";
                [14] = "이닝";
              };
              480318544693821450 = {
                [1] = "#Recursive detected#";
                [2] = "9441";
                [4] = "480318544693821450";
                [7] = "58d85ae857ec68ff02e2f0bcbefe88ee";
                [10] = 64;
                [14] = "Ruža";
              };
              367946917197381644 = {
                [1] = "#Recursive detected#";
                [2] = "1234";
                [4] = "367946917197381644";
                [7] = "9475979bf6842d64148d1344ffacdc5d";
                [10] = 64;
                [12] = 64;
                [14] = "므야야ㅑㅑㅑ";
              };
              479774031185313807 = {
                [1] = "#Recursive detected#";
                [2] = "2206";
                [4] = "479774031185313807";
                [7] = "2df200649a56589dce56de3b6e8729f6";
                [14] = "알파카";
              };
              571493212963995648 = {
                [1] = "#Recursive detected#";
                [2] = "0276";
                [4] = "571493212963995648";
                [7] = "c960dc54c1facf2edd9187c006c09a5a";
                [14] = "혜성";
              };
              752953599587385557 = {
                [1] = "#Recursive detected#";
                [2] = "6236";
                [4] = "752953599587385557";
                [7] = "9fed51349f6466e4b54b9fef6411ad2f";
                [10] = 64;
                [14] = "단비";
              };
              353501674670653441 = {
                [1] = "#Recursive detected#";
                [2] = "5877";
                [4] = "353501674670653441";
                [7] = "1ad17126afb44222a3ba61a3b2cf697e";
                [10] = 128;
                [14] = "ㄱㅁㄱ";
              };
              876484593291784223 = {
                [1] = "#Recursive detected#";
                [2] = "7069";
                [14] = "댭댜푸계";
                [4] = "876484593291784223";
              };
              686077975392944156 = {
                [1] = "#Recursive detected#";
                [2] = "3902";
                [4] = "686077975392944156";
                [7] = "a_db7543054a2f1f08bf079a4f8e722fee";
                [10] = 64;
                [14] = "Doge";
              };
              519493513872801794 = {
                [1] = "#Recursive detected#";
                [2] = "1022";
                [4] = "519493513872801794";
                [7] = "bad0b21f0f5e4c8833257a5057529bdb";
                [14] = "토잉";
              };
              473335446227779585 = {
                [1] = "#Recursive detected#";
                [2] = "7413";
                [4] = "473335446227779585";
                [10] = 0;
                [14] = "parkhack1";
              };
              778218017653391380 = {
                [1] = "#Recursive detected#";
                [2] = "4677";
                [4] = "778218017653391380";
                [7] = "18845b6159b34e1933ad24c74b196dc3";
                [14] = "상아랑";
              };
              571196935222984704 = {
                [1] = "#Recursive detected#";
                [2] = "2518";
                [14] = "성현";
                [4] = "571196935222984704";
              };
              494474648419958788 = {
                [1] = "#Recursive detected#";
                [2] = "1082";
                [4] = "494474648419958788";
                [7] = "ca4627c71ea3bd4ee49d1c385f9f27b4";
                [14] = "김동민";
              };
              875507383739248700 = {
                [1] = "#Recursive detected#";
                [2] = "0000";
                [4] = "875507383739248700";
                [6] = true;
                [7] = "2e170d1aad4d5d0dd0d53bd4cbbfa949";
                [14] = "Logger";
              };
              660833654167306253 = {
                [1] = "#Recursive detected#";
                [2] = "7777";
                [4] = "660833654167306253";
                [7] = "1d51e568ca2164fe23c8c335b5fad9bf";
                [10] = 128;
                [14] = "디코유저";
              };
              298822483060981760 = {
                [1] = "#Recursive detected#";
                [2] = "6088";
                [4] = "298822483060981760";
                [6] = true;
                [7] = "c0c506852e5a8f9f56cdec8d7ad17a22";
                [10] = 65536;
                [14] = "Logger";
              };
              763913700372643881 = {
                [1] = "#Recursive detected#";
                [2] = "6818";
                [4] = "763913700372643881";
                [7] = "7bca0778b3106d47e6fe4fca4738c5be";
                [10] = 256;
                [14] = "ながみさくら❀";
              };
              886222587296890932 = {
                [1] = "#Recursive detected#";
                [2] = "2801";
                [4] = "886222587296890932";
                [7] = "d4e16e60a446a2c6f5d7d475d016e394";
                [14] = "찰스부계";
              };
              545904238384119808 = {
                [1] = "#Recursive detected#";
                [2] = "1922";
                [4] = "545904238384119808";
                [7] = "f109f109e92557f24b0aa185a6f6e398";
                [10] = 0;
                [14] = "이성민인데요";
              };
              623819587980623884 = {
                [1] = "#Recursive detected#";
                [2] = "6809";
                [4] = "623819587980623884";
                [7] = "093605df155dbfec21aa91521696e12a";
                [14] = "곽클";
              };
              287162935237804032 = {
                [1] = "#Recursive detected#";
                [2] = "1541";
                [4] = "287162935237804032";
                [7] = "d0f8c548a4fb41e8e267aaec9b0000db";
                [14] = "delos";
              };
              864455466305847347 = {
                [1] = "#Recursive detected#";
                [2] = "0197";
                [4] = "864455466305847347";
                [7] = "7c883a0cc502175aa5847f95d43ee6cb";
                [14] = "(ㅜㅡㅜ)";
              };
              695844821427814400 = {
                [1] = "#Recursive detected#";
                [2] = "9468";
                [4] = "695844821427814400";
                [7] = "054e072b18263e9fe8744794cb800d65";
                [14] = "슈가탕";
              };
              465767189375483907 = {
                [1] = "#Recursive detected#";
                [2] = "4432";
                [4] = "465767189375483907";
                [7] = "b81d91cac1d64948bdea35e641e4cef0";
                [14] = "ㅇ0ㅇ";
              };
              793761132422758471 = {
                [1] = "#Recursive detected#";
                [2] = "0189";
                [4] = "793761132422758471";
                [7] = "b2d486f89389b242004963eba748a31c";
                [14] = "물음표";
              };
              349181518456815626 = {
                [1] = "#Recursive detected#";
                [2] = "9235";
                [4] = "349181518456815626";
                [7] = "0c1a7d3b70db64d3420e17abdea68484";
                [10] = 128;
                [14] = "GukJin";
              };
              789684780253839391 = {
                [1] = "#Recursive detected#";
                [2] = "1812";
                [14] = "이민서";
                [4] = "789684780253839391";
              };
              479141072971235329 = {
                [1] = "#Recursive detected#";
                [2] = "9516";
                [4] = "479141072971235329";
                [7] = "b4bde9f53abbe0dd6e5edd17b6fc95b0";
                [10] = 0;
                [14] = "샴샴이";
              };
              415804982764371969 = {
                [1] = "#Recursive detected#";
                [2] = "5140";
                [4] = "415804982764371969";
                [7] = "f2f50cc3ccf247f206d501def3012323";
                [14] = "세제 원샷";
              };
              654245768055619584 = {
                [1] = "#Recursive detected#";
                [2] = "5252";
                [4] = "654245768055619584";
                [7] = "be6669a2b4ba0478c2412c232d50c632";
                [10] = 256;
                [14] = "12302a";
              };
              684324201536290923 = {
                [1] = "#Recursive detected#";
                [2] = "5017";
                [4] = "684324201536290923";
                [7] = "191a714d5abdab8ffb107533655bd567";
                [10] = 64;
                [14] = "이상욱";
              };
              478358926954594314 = {
                [1] = "#Recursive detected#";
                [2] = "9092";
                [4] = "478358926954594314";
                [7] = "dbd1d2604925d7fe636147e011e4c156";
                [10] = 0;
                [14] = "보정이";
              };
              827428530559254589 = {
                [1] = "#Recursive detected#";
                [2] = "0462";
                [4] = "827428530559254589";
                [6] = true;
                [7] = "0057c770696149efa509985ff3c54e31";
                [14] = "Bun";
              };
              744925494188834989 = {
                [1] = "#Recursive detected#";
                [2] = "8581";
                [4] = "744925494188834989";
                [7] = "c240eb92ef567c30230d8705d8790b9a";
                [14] = "늘 네 곁에 있어";
              };
              815890756157571074 = {
                [1] = "#Recursive detected#";
                [2] = "1555";
                [4] = "815890756157571074";
                [7] = "482690cfd55845cf58cfa91fab32cf18";
                [14] = "소다곰";
              };
              480675769698484226 = {
                [1] = "#Recursive detected#";
                [2] = "7649";
                [4] = "480675769698484226";
                [10] = 256;
                [14] = "준영";
              };
              546280086232629249 = {
                [1] = "#Recursive detected#";
                [2] = "0469";
                [4] = "546280086232629249";
                [7] = "fdbbfe60873f8d1e766ec79503e64c46";
                [14] = "!ㅅ!";
              };
              471989833737437184 = {
                [1] = "#Recursive detected#";
                [2] = "4339";
                [4] = "471989833737437184";
                [7] = "da615281f96bbca997f245d8e4ddee6b";
                [14] = "ৡۣ͜͡ৡ𝓅𝓈𝒞𝓇𝒜𝓃𝒥ৡ";
              };
              275813801792634880 = {
                [1] = "#Recursive detected#";
                [2] = "9472";
                [4] = "275813801792634880";
                [6] = true;
                [7] = "fe183af545513c57f6784e0b4acd1544";
                [10] = 65536;
                [14] = "Zira";
              };
              312127132199288832 = {
                [1] = "#Recursive detected#";
                [2] = "5561";
                [4] = "312127132199288832";
                [7] = "79716a934cec15adc7c733a1a56a912b";
                [14] = "건빵";
              };
              664018237327147020 = {
                [1] = "#Recursive detected#";
                [2] = "9219";
                [4] = "664018237327147020";
                [7] = "de873f2b1c40979588e4071b4abe7207";
                [10] = 256;
                [14] = "Park cello";
              };
              512112406126919680 = {
                [1] = "#Recursive detected#";
                [2] = "2536";
                [4] = "512112406126919680";
                [7] = "cf42abbd82dab05c2dae1bc75242ccf1";
                [14] = "비타민";
              };
              732446393033031730 = {
                [1] = "#Recursive detected#";
                [2] = "6488";
                [4] = "732446393033031730";
                [7] = "a_c3923cfb7442d43c17798f224a191f66";
                [14] = "RedCream";
              };
              549949654117122068 = {
                [1] = "#Recursive detected#";
                [2] = "2678";
                [4] = "549949654117122068";
                [7] = "c2787c378d6152a176d6c08103988718";
                [14] = "【 뽀 유 별 】";
              };
              545032348597485578 = {
                [1] = "#Recursive detected#";
                [2] = "9488";
                [4] = "545032348597485578";
                [7] = "a_743d44ba9815a2a72adf8dc25c0b25e3";
                [10] = 256;
                [14] = "이승헌";
              };
              855704481135460362 = {
                [1] = "#Recursive detected#";
                [2] = "1883";
                [4] = "855704481135460362";
                [7] = "e5ba8661984777f6d08d0d44c5761f74";
                [14] = "furan";
              };
              797748141436567552 = {
                [1] = "#Recursive detected#";
                [2] = "1915";
                [4] = "797748141436567552";
                [7] = "fa6303829220ae85d1adcc638e5c6c08";
                [14] = "마우스 잃어버림";
              };
              416089394554994699 = {
                [1] = "#Recursive detected#";
                [2] = "0855";
                [4] = "416089394554994699";
                [6] = true;
                [7] = "c88704182534d4b5e2d16addf28a35c6";
                [10] = 65536;
                [14] = "소나";
              };
              647101613047152640 = {
                [1] = "#Recursive detected#";
                [2] = "9961";
                [4] = "647101613047152640";
                [7] = "a4a256cda49eef204a7a2d26bbde242c";
                [10] = 128;
                [14] = "눈송이";
              };
              864089849933070346 = {
                [1] = "#Recursive detected#";
                [2] = "8470";
                [14] = "모바일_래빗";
                [4] = "864089849933070346";
              };
              855810093777551391 = {
                [1] = "#Recursive detected#";
                [2] = "6573";
                [14] = "그림 그뤼자";
                [4] = "855810093777551391";
              };
              753153021478961182 = {
                [1] = "#Recursive detected#";
                [2] = "1580";
                [4] = "753153021478961182";
                [7] = "805032a3808bd4ba9a9cdfee28fe54a8";
                [14] = "익명";
              };
              685917435601092643 = {
                [1] = "#Recursive detected#";
                [2] = "1650";
                [4] = "685917435601092643";
                [7] = "43f9813e2480eafc8627b451d38fe385";
                [10] = 0;
                [14] = "올라프";
              };
              744894020412637244 = {
                [1] = "#Recursive detected#";
                [2] = "7314";
                [4] = "744894020412637244";
                [7] = "12a2ed84415cd993bc16001b9a6d98fd";
                [10] = 0;
                [14] = "VQT";
              };
              419476138331602946 = {
                [1] = "#Recursive detected#";
                [2] = "3872";
                [4] = "419476138331602946";
                [6] = true;
                [7] = "34ab6aa91af582699a1ebd8057dbcf51";
                [10] = 65536;
                [14] = "크시";
              };
              458276816071950337 = {
                [1] = "#Recursive detected#";
                [2] = "0197";
                [4] = "458276816071950337";
                [6] = true;
                [7] = "c100108f7602bd84ffef257993f77d66";
                [10] = 65536;
                [14] = "ServerStats";
              };
              644067772854435883 = {
                [1] = "#Recursive detected#";
                [2] = "3516";
                [4] = "644067772854435883";
                [7] = "41f894d849c0d662fa0f56188c01b312";
                [14] = "씨방";
              };
              799996310571974656 = {
                [1] = "#Recursive detected#";
                [2] = "3108";
                [4] = "799996310571974656";
                [7] = "964e425d789ce9ead17719c4fab8cc08";
                [14] = "김단풍";
              };
              449177180606300160 = {
                [1] = "#Recursive detected#";
                [2] = "8287";
                [4] = "449177180606300160";
                [7] = "df8896e106e4c8fbd8db87c794584135";
                [14] = "혀니";
              };
              674553527405641738 = {
                [1] = "#Recursive detected#";
                [2] = "7199";
                [4] = "674553527405641738";
                [7] = "cea503f2e769201118ca8c6fd2815020";
                [14] = "해골궁수";
              };
              760104371999604814 = {
                [1] = "#Recursive detected#";
                [2] = "6114";
                [4] = "760104371999604814";
                [7] = "88ebe9b91d59b02d5c294ecc94d497ce";
                [10] = 0;
                [14] = "잘생긴동연2";
              };
              372383068369059862 = {
                [1] = "#Recursive detected#";
                [2] = "2681";
                [4] = "372383068369059862";
                [7] = "4a3af980ae3454713acf777c3055e853";
                [14] = "ljy";
              };
              721626046566367283 = {
                [1] = "#Recursive detected#";
                [2] = "7910";
                [4] = "721626046566367283";
                [7] = "c41e8016ca89a93e60b43813f7a86f01";
                [10] = 128;
                [14] = "! ! 힘내";
              };
              438957051280883713 = {
                [1] = "#Recursive detected#";
                [2] = "4307";
                [4] = "438957051280883713";
                [7] = "1edc7525453b7151711d29c7e2566606";
                [14] = "블붕아";
              };
              753430060182274132 = {
                [1] = "#Recursive detected#";
                [2] = "8565";
                [4] = "753430060182274132";
                [7] = "089af5894f26486202722a7984c0eab1";
                [14] = "사블WB";
              };
              769154913766080543 = {
                [1] = "#Recursive detected#";
                [2] = "0485";
                [4] = "769154913766080543";
                [7] = "2463939f152d9487483d51005b2a1afb";
                [14] = "seop";
              };
              533678855257325568 = {
                [1] = "#Recursive detected#";
                [2] = "4634";
                [4] = "533678855257325568";
                [7] = "af4cd3810eb00162566741fd42fd1b1e";
                [14] = "Love was people";
              };
              862662412410028062 = {
                [1] = "#Recursive detected#";
                [2] = "1009";
                [4] = "862662412410028062";
                [7] = "8465218ce0e38ab63c1318f21494529f";
                [14] = "babo";
              };
              693818502657867878 = {
                [1] = "#Recursive detected#";
                [2] = "6495";
                [4] = "693818502657867878";
                [6] = true;
                [7] = "2b869ed05feab1d5df4a2ab12ba4bec0";
                [10] = 65536;
                [14] = "이프";
              };
              559313466641612830 = {
                [1] = "#Recursive detected#";
                [2] = "1263";
                [4] = "559313466641612830";
                [7] = "3d0d650aa038f923d156c64a8d1ad1b3";
                [14] = "황정수";
              };
              701402995484655697 = {
                [1] = "#Recursive detected#";
                [2] = "8187";
                [4] = "701402995484655697";
                [7] = "e266aa5c22456a2d6ab779cef477df94";
                [14] = "용용";
              };
              614818816907673691 = {
                [1] = "#Recursive detected#";
                [2] = "9788";
                [4] = "614818816907673691";
                [7] = "a2e0e88a6b7c22a5fbbc21a0eae3d42a";
                [14] = "하늘속그사람";
              };
              756035861250048031 = {
                [1] = "#Recursive detected#";
                [2] = "6366";
                [4] = "756035861250048031";
                [10] = 0;
                [14] = "ㅁㄴㅇㄹ";
              };
              159985870458322944 = {
                [1] = "#Recursive detected#";
                [2] = "4876";
                [4] = "159985870458322944";
                [6] = true;
                [7] = "b50adff099924dd5e6b72d13f77eb9d7";
                [10] = 65536;
                [14] = "MEE6";
              };
              613349599016386561 = {
                [1] = "#Recursive detected#";
                [2] = "8957";
                [4] = "613349599016386561";
                [10] = 0;
                [14] = "그냥인데";
              };
              756792224099991622 = {
                [1] = "#Recursive detected#";
                [2] = "8383";
                [4] = "756792224099991622";
                [6] = true;
                [7] = "2a01d8b76dcb1f3cc8a798c9077922fe";
                [10] = 65536;
                [14] = "전적이";
              };
              788021463403331595 = {
                [1] = "#Recursive detected#";
                [2] = "8774";
                [4] = "788021463403331595";
                [7] = "9694780e2df86e86bf63125468a71779";
                [14] = "! kaymera(찰스)";
              };
              459347595936923659 = {
                [1] = "#Recursive detected#";
                [2] = "4313";
                [4] = "459347595936923659";
                [7] = "860e3958118741d09cacc756afce0d44";
                [14] = "누구세욘";
              };
              755378215907885116 = {
                [1] = "#Recursive detected#";
                [2] = "4189";
                [4] = "755378215907885116";
                [7] = "59bd4cc90aa3e0e80356d125df0401c5";
                [10] = 64;
                [14] = "SATGOD";
              };
              853947057562714133 = {
                [1] = "#Recursive detected#";
                [2] = "6394";
                [4] = "853947057562714133";
                [6] = true;
                [7] = "1ad94c5a4683d207df4e593070586317";
                [14] = "DUSK's Bot";
              };
              234395307759108106 = {
                [1] = "#Recursive detected#";
                [2] = "7254";
                [4] = "234395307759108106";
                [6] = true;
                [7] = "0e7adc5d634d957b7725021c067bfd87";
                [10] = 65536;
                [14] = "Groovy";
              };
              754620012450414682 = {
                [1] = "#Recursive detected#";
                [2] = "9565";
                [14] = "RABBIT__TURTLE";
                [4] = "754620012450414682";
              };
              576966296214962179 = {
                [1] = "#Recursive detected#";
                [2] = "4412";
                [14] = "남훈";
                [4] = "576966296214962179";
              };
              711769311387058238 = {
                [1] = "#Recursive detected#";
                [2] = "7250";
                [4] = "711769311387058238";
                [6] = true;
                [7] = "b6d815a450ad47beae8551ced7e26d64";
                [10] = 65536;
                [14] = "하나";
              };
              419147987294617601 = {
                [1] = "#Recursive detected#";
                [2] = "5500";
                [4] = "419147987294617601";
                [7] = "c6de18d1bdc1c5a85df410f0adc4edb5";
                [14] = "예린";
              };
              293015941141495809 = {
                [1] = "#Recursive detected#";
                [2] = "7072";
                [4] = "293015941141495809";
                [7] = "f5834f1022cc421044eb1338cc75a8c2";
                [14] = "김카베";
              };
              889791736270974976 = {
                [1] = "#Recursive detected#";
                [2] = "4729";
                [14] = "김치";
                [4] = "889791736270974976";
              };
              664505196969328652 = {
                [1] = "#Recursive detected#";
                [2] = "2178";
                [4] = "664505196969328652";
                [7] = "1f3910eb8b63ac59478483cc6bcd8dcc";
                [14] = "고추니";
              };
              751122438955204679 = {
                [1] = "#Recursive detected#";
                [2] = "3483";
                [4] = "751122438955204679";
                [7] = "c725d77d116f4e43701950393aaa7fa8";
                [14] = "나다 벼리";
              };
              681751650859483148 = {
                [1] = "#Recursive detected#";
                [2] = "5257";
                [4] = "681751650859483148";
                [7] = "14f4e9df5f98837eddf0d08cfe235e04";
                [14] = "민건모";
              };
              296567849336569856 = {
                [1] = "#Recursive detected#";
                [2] = "5810";
                [14] = "KgDgGn";
                [4] = "296567849336569856";
              };
            };
            [7] = "#Recursive detected#";
            [8] = "#Recursive detected#";
            [9] = "#Recursive detected#";
            [10] = "#Recursive detected#";
            [11] = {};
            [12] = {
              [1] = 3;
              [2] = "%F %T";
              [3] = 3;
            };
            [13] = {
              [1] = {};
              [2] = "#Recursive detected#";
            };
            [14] = {
              877566680199495720 = "#Recursive detected#";
              877038377118081036 = {
                [1] = "#Recursive detected#";
                [2] = false;
                [3] = "870243263825707018";
                [4] = "#Recursive detected#";
                [5] = "#Recursive detected#";
                [6] = "#Recursive detected#";
                [7] = "#Recursive detected#";
                [8] = "#Recursive detected#";
                [9] = "#Recursive detected#";
                [10] = {};
                [12] = 0;
                [13] = false;
                [15] = 0;
                [17] = 300;
                [19] = "870243263825707021";
                [20] = true;
                [21] = 8;
                [22] = 25;
                [23] = false;
                [24] = 0;
                [25] = 250000;
                [26] = 0;
                [28] = 0;
                [29] = "en-US";
                [30] = "2021-09-26T10:16:53.069486+00:00";
                [32] = false;
                [34] = 0;
                [35] = "755378215907885116";
                [36] = "테스트 서버";
                [38] = 0;
                [40] = "south-korea";
                [41] = 0;
                [43] = 0;
                [44] = {};
              };
              873418441388851281 = "#Recursive detected#";
              827199450774372382 = {
                [1] = "#Recursive detected#";
                [2] = false;
                [3] = "819762474348707850";
                [4] = "#Recursive detected#";
                [5] = "#Recursive detected#";
                [6] = "#Recursive detected#";
                [7] = "#Recursive detected#";
                [8] = "#Recursive detected#";
                [9] = "#Recursive detected#";
                [10] = {};
                [12] = 0;
                [13] = false;
                [15] = 37;
                [17] = 300;
                [18] = "819765068203819038";
                [19] = "819805193767354398";
                [20] = true;
                [21] = 24;
                [22] = 25;
                [23] = false;
                [24] = 0;
                [25] = 250000;
                [26] = 0;
                [28] = 0;
                [29] = "en-US";
                [30] = "2021-06-05T03:24:53.405689+00:00";
                [32] = false;
                [33] = "fe959779eef1e989234d7ea3df1afcfe";
                [34] = 0;
                [35] = "415804982764371969";
                [36] = "정상 모임";
                [38] = 0;
                [40] = "south-korea";
                [41] = 0;
                [43] = 0;
                [44] = {};
              };
              827211779930718209 = "#Recursive detected#";
              873426148888043532 = "#Recursive detected#";
              827214987743068211 = "#Recursive detected#";
              819762474348707850 = "#Recursive detected#";
              827212586373611550 = "#Recursive detected#";
              891629393280106497 = "#Recursive detected#";
              824949557602942986 = "#Recursive detected#";
              832163847275413534 = {
                [1] = "#Recursive detected#";
                [2] = false;
                [3] = "754620784986685472";
                [4] = "#Recursive detected#";
                [5] = "#Recursive detected#";
                [6] = "#Recursive detected#";
                [7] = "#Recursive detected#";
                [8] = "#Recursive detected#";
                [9] = "#Recursive detected#";
                [10] = {};
                [12] = 0;
                [13] = false;
                [15] = 0;
                [17] = 300;
                [19] = "754620785426956351";
                [20] = true;
                [21] = 8;
                [22] = 25;
                [23] = false;
                [24] = 0;
                [25] = 250000;
                [26] = 0;
                [28] = 0;
                [29] = "en-US";
                [30] = "2021-09-22T12:43:09.020000+00:00";
                [32] = false;
                [33] = "257602e77e4f3cfed020edd275e03d4a";
                [34] = 0;
                [35] = "754620012450414682";
                [36] = "4명모임 ㅋㅋ";
                [38] = 0;
                [40] = "south-korea";
                [41] = 0;
                [43] = 0;
                [44] = {};
              };
              831901563470741556 = {
                [1] = "#Recursive detected#";
                [2] = false;
                [3] = "772816335859089420";
                [4] = "#Recursive detected#";
                [5] = "#Recursive detected#";
                [6] = "#Recursive detected#";
                [7] = "#Recursive detected#";
                [8] = "#Recursive detected#";
                [9] = "#Recursive detected#";
                [10] = {};
                [12] = 0;
                [13] = false;
                [15] = 0;
                [17] = 300;
                [20] = true;
                [21] = 7;
                [22] = 25;
                [23] = false;
                [24] = 0;
                [25] = 250000;
                [26] = 0;
                [28] = 0;
                [29] = "en-US";
                [30] = "2021-04-12T14:24:10.702000+00:00";
                [32] = false;
                [34] = 0;
                [35] = "756035861250048031";
                [36] = "테스트 하는곳";
                [38] = 0;
                [40] = "south-korea";
                [41] = 0;
                [43] = 0;
                [44] = {};
              };
              819794709400387584 = "#Recursive detected#";
              877566680971235348 = "#Recursive detected#";
              877566680350466089 = "#Recursive detected#";
              828272433089085490 = "#Recursive detected#";
              889438990153941002 = "#Recursive detected#";
              827199883152588860 = "#Recursive detected#";
              827211529950199879 = "#Recursive detected#";
              847125355848138812 = "#Recursive detected#";
              828614761687416893 = "#Recursive detected#";
              833877360549560360 = "#Recursive detected#";
              827210690644279352 = "#Recursive detected#";
              833246221803061258 = "#Recursive detected#";
              842970190017855509 = "#Recursive detected#";
              890216650744418306 = "#Recursive detected#";
              873437002991808582 = "#Recursive detected#";
              827200241371316234 = "#Recursive detected#";
              873417975875661874 = "#Recursive detected#";
              832163412335001631 = "#Recursive detected#";
              827200254063542342 = "#Recursive detected#";
              873418490239926272 = "#Recursive detected#";
              827205515897077800 = "#Recursive detected#";
              827213936625582100 = "#Recursive detected#";
              873418872005460009 = "#Recursive detected#";
              827212302670757978 = "#Recursive detected#";
              873418646146392146 = "#Recursive detected#";
              819794412686540810 = "#Recursive detected#";
              819780697635029012 = "#Recursive detected#";
              819902159733915679 = "#Recursive detected#";
              772816335859089420 = "#Recursive detected#";
              827200876472041482 = "#Recursive detected#";
              827211654235291699 = "#Recursive detected#";
              820547203700883466 = "#Recursive detected#";
              877037154612690964 = "#Recursive detected#";
              871341242632511518 = "#Recursive detected#";
              874444935682728027 = "#Recursive detected#";
              873424136339353631 = "#Recursive detected#";
              827201147977859103 = "#Recursive detected#";
              873418381397741639 = "#Recursive detected#";
              827215586865971200 = "#Recursive detected#";
              846087127451303996 = "#Recursive detected#";
              879688696704671785 = "#Recursive detected#";
              827212824320802856 = "#Recursive detected#";
              876820869509415022 = "#Recursive detected#";
              847498131586154536 = "#Recursive detected#";
              827201489180557362 = "#Recursive detected#";
              827200754728435733 = "#Recursive detected#";
              827214269586210876 = "#Recursive detected#";
              827213693527523339 = "#Recursive detected#";
              819794054304628767 = "#Recursive detected#";
              827205383902068788 = "#Recursive detected#";
              877566713963622440 = "#Recursive detected#";
              875186230126608405 = "#Recursive detected#";
              877566657319555102 = "#Recursive detected#";
              844775961463095356 = "#Recursive detected#";
              827215618184708106 = "#Recursive detected#";
              843479263382732801 = "#Recursive detected#";
              877566679549349949 = "#Recursive detected#";
              837628664211439666 = "#Recursive detected#";
              754620784986685472 = "#Recursive detected#";
              893783951368400937 = "#Recursive detected#";
              836985971240206386 = "#Recursive detected#";
              840888485338546186 = "#Recursive detected#";
              830737930515120128 = "#Recursive detected#";
              820547375633793046 = "#Recursive detected#";
              827204407627218996 = "#Recursive detected#";
              877566728496893953 = "#Recursive detected#";
              832163751448412181 = "#Recursive detected#";
              838938463390138398 = "#Recursive detected#";
              827214508921192518 = "#Recursive detected#";
              833905546100342834 = "#Recursive detected#";
              873438330593898559 = "#Recursive detected#";
              827212726458777660 = "#Recursive detected#";
              830779346591154196 = "#Recursive detected#";
              827201590728458261 = "#Recursive detected#";
              827200443267678258 = "#Recursive detected#";
              873423146663948288 = "#Recursive detected#";
              833337171624722493 = "#Recursive detected#";
              873219252931424287 = "#Recursive detected#";
              843860051248414740 = "#Recursive detected#";
              827212183363780640 = "#Recursive detected#";
              820547941751717951 = "#Recursive detected#";
              873424103720251432 = "#Recursive detected#";
              870243263825707018 = "#Recursive detected#";
              864001689493307442 = "#Recursive detected#";
              836986778254442536 = "#Recursive detected#";
              827211406155710544 = "#Recursive detected#";
              873439529921564712 = "#Recursive detected#";
              827205130544742470 = "#Recursive detected#";
              873438235882319913 = "#Recursive detected#";
              827215368182562817 = "#Recursive detected#";
              873438432930725940 = "#Recursive detected#";
              873254631491395636 = "#Recursive detected#";
              827211309305036861 = "#Recursive detected#";
              831172853234663495 = "#Recursive detected#";
              827211138650341396 = "#Recursive detected#";
              873418715922837514 = "#Recursive detected#";
              827210415398322176 = "#Recursive detected#";
              876725528269324288 = "#Recursive detected#";
              827215230399414352 = "#Recursive detected#";
              827215453805477938 = "#Recursive detected#";
              876399232796491818 = "#Recursive detected#";
              873392802157969448 = "#Recursive detected#";
              827201306354909264 = "#Recursive detected#";
              825272974701101056 = "#Recursive detected#";
              877566679612276797 = "#Recursive detected#";
              879686368274571288 = "#Recursive detected#";
              824955839525421116 = "#Recursive detected#";
              873426808404582420 = "#Recursive detected#";
              873437788790468619 = "#Recursive detected#";
              830747775184142356 = "#Recursive detected#";
              876308530234290186 = "#Recursive detected#";
              847498144258457690 = "#Recursive detected#";
              828614685137436692 = "#Recursive detected#";
              819776535367122944 = "#Recursive detected#";
              842059252230914119 = "#Recursive detected#";
              827213831188905994 = "#Recursive detected#";
              835057924736679936 = "#Recursive detected#";
              827215106399404052 = "#Recursive detected#";
              827205182240456796 = "#Recursive detected#";
              832163652916346901 = "#Recursive detected#";
              873437102497476618 = "#Recursive detected#";
              850575882719854633 = "#Recursive detected#";
              797669760485031966 = "#Recursive detected#";
              827199780442734632 = "#Recursive detected#";
              873414763781165089 = "#Recursive detected#";
              827213593086525531 = "#Recursive detected#";
              826149287658127411 = "#Recursive detected#";
              797469591244767262 = "#Recursive detected#";
              829344351271387136 = "#Recursive detected#";
              827204685844185149 = "#Recursive detected#";
              831563270406012940 = "#Recursive detected#";
              873442232341004358 = "#Recursive detected#";
              877566744674324480 = "#Recursive detected#";
              873419652569645067 = "#Recursive detected#";
              873442231581831198 = "#Recursive detected#";
              873949199413182524 = "#Recursive detected#";
            };
            [15] = {
              873423153370648637 = "#Recursive detected#";
              873263687350243348 = "#Recursive detected#";
              873417711433162763 = "#Recursive detected#";
              891152460721324042 = "#Recursive detected#";
              873417638360010812 = "#Recursive detected#";
              873417949271179274 = "#Recursive detected#";
              873441072175530024 = "#Recursive detected#";
              872644861730390016 = "#Recursive detected#";
              873263635777060975 = "#Recursive detected#";
              872644618708205619 = "#Recursive detected#";
              844617509347786802 = "#Recursive detected#";
              873262758752321576 = "#Recursive detected#";
              873417860599390299 = "#Recursive detected#";
              873262741647941734 = "#Recursive detected#";
              841972215658708993 = "#Recursive detected#";
              873423086458920991 = "#Recursive detected#";
              873421886703431680 = "#Recursive detected#";
              872644807821000764 = "#Recursive detected#";
              873422358067675157 = "#Recursive detected#";
              873263600804966450 = "#Recursive detected#";
              873422048515457064 = "#Recursive detected#";
              888683496728571915 = "#Recursive detected#";
              830419151079211028 = "#Recursive detected#";
              873263616114171925 = "#Recursive detected#";
              830419196247539752 = "#Recursive detected#";
              873262717417431100 = "#Recursive detected#";
              873437334669000724 = "#Recursive detected#";
              873417741388886047 = "#Recursive detected#";
              873262697523839056 = "#Recursive detected#";
              873417825652465684 = "#Recursive detected#";
              873263541312978944 = "#Recursive detected#";
              881455829084151819 = "#Recursive detected#";
              873417917163790386 = "#Recursive detected#";
              873417981483434024 = "#Recursive detected#";
              891156068774846554 = "#Recursive detected#";
              873464702771003412 = "#Recursive detected#";
              875279678942900264 = "#Recursive detected#";
              891156144779829259 = "#Recursive detected#";
              891156129046999041 = "#Recursive detected#";
              891156109551890532 = "#Recursive detected#";
              875186163449729034 = "#Recursive detected#";
              841972315972960266 = "#Recursive detected#";
              844617279807291432 = "#Recursive detected#";
              872645418905919498 = "#Recursive detected#";
              872644765311701012 = "#Recursive detected#";
              876726030793064518 = "#Recursive detected#";
              830732467434422282 = "#Recursive detected#";
              844617111288807474 = "#Recursive detected#";
              873417788214116372 = "#Recursive detected#";
              872645119105437716 = "#Recursive detected#";
              873440312255742033 = "#Recursive detected#";
              873263729486209094 = "#Recursive detected#";
              873435416160792597 = "#Recursive detected#";
              873417888743161866 = "#Recursive detected#";
              880381726826840115 = "#Recursive detected#";
              873263662721278012 = "#Recursive detected#";
              873418023233523792 = "#Recursive detected#";
              873422164529934346 = "#Recursive detected#";
              844617394625183804 = "#Recursive detected#";
              873422413310861413 = "#Recursive detected#";
              873422829067059230 = "#Recursive detected#";
              873427695701213204 = "#Recursive detected#";
              872644930860879872 = "#Recursive detected#";
              873263713442992190 = "#Recursive detected#";
              873263582610063400 = "#Recursive detected#";
              841972275392806942 = "#Recursive detected#";
              891152488126881852 = "#Recursive detected#";
            };
            [16] = {
              889442998990028810 = "#Recursive detected#";
              873422911065686037 = "#Recursive detected#";
              819764250766999563 = "#Recursive detected#";
              819763541460254721 = "#Recursive detected#";
              873421595534831668 = "#Recursive detected#";
              828807746270920704 = "#Recursive detected#";
              873419770538643467 = "#Recursive detected#";
              829228170926489630 = "#Recursive detected#";
              873219252931424288 = "#Recursive detected#";
              873422588242690050 = "#Recursive detected#";
              829977563685978203 = "#Recursive detected#";
              873420367140642876 = "#Recursive detected#";
              874541983887147038 = "#Recursive detected#";
              873422866354421840 = "#Recursive detected#";
              819833872987455498 = "#Recursive detected#";
              873419228559061022 = "#Recursive detected#";
              873219252931424289 = "#Recursive detected#";
              754620785426956349 = "#Recursive detected#";
              873420418038513694 = "#Recursive detected#";
              873419398113787924 = "#Recursive detected#";
              873419145809653800 = "#Recursive detected#";
              842041735387021332 = "#Recursive detected#";
              893760184571281438 = "#Recursive detected#";
              772816336749461539 = "#Recursive detected#";
              873420218901356644 = "#Recursive detected#";
              819766398599299164 = "#Recursive detected#";
              819763503795404810 = "#Recursive detected#";
              850947178218127360 = "#Recursive detected#";
              890216839794270228 = "#Recursive detected#";
              873423195632443402 = "#Recursive detected#";
              819764858912243753 = "#Recursive detected#";
              873420577782784051 = "#Recursive detected#";
              835782189069238292 = "#Recursive detected#";
              835771021126008852 = "#Recursive detected#";
              875507249043357746 = "#Recursive detected#";
              881431498715197460 = "#Recursive detected#";
              873426295004987392 = "#Recursive detected#";
              873419404661100564 = "#Recursive detected#";
              870243263825707022 = "#Recursive detected#";
              754620785426956351 = "#Recursive detected#";
              889784691400523786 = "#Recursive detected#";
              873255155330600970 = "#Recursive detected#";
              833921581230325781 = "#Recursive detected#";
              829977731545825300 = "#Recursive detected#";
              873422144531488781 = "#Recursive detected#";
              873427132058058843 = "#Recursive detected#";
              873426278689161246 = "#Recursive detected#";
              819764632323358790 = "#Recursive detected#";
              873422929277374484 = "#Recursive detected#";
              873423133636435988 = "#Recursive detected#";
              829977619830276196 = "#Recursive detected#";
              772816336749461535 = "#Recursive detected#";
              873421717874302986 = "#Recursive detected#";
              873219252931424291 = "#Recursive detected#";
              873427159006474262 = "#Recursive detected#";
              873423170462441483 = "#Recursive detected#";
              874134398373613608 = "#Recursive detected#";
              833921431477420043 = "#Recursive detected#";
              873219252931424290 = "#Recursive detected#";
              889763201393233980 = "#Recursive detected#";
              870243263825707021 = "#Recursive detected#";
              772816336749461536 = "#Recursive detected#";
              884004586866753568 = "#Recursive detected#";
              836747891694501909 = "#Recursive detected#";
              828533666299904030 = "#Recursive detected#";
              873421533832417290 = "#Recursive detected#";
              819805193767354398 = "#Recursive detected#";
              873421564572475452 = "#Recursive detected#";
              893784806935126056 = "#Recursive detected#";
              873419313514704918 = "#Recursive detected#";
              829977268452982826 = "#Recursive detected#";
              873419585636929557 = "#Recursive detected#";
              796349439958319125 = "#Recursive detected#";
              873421682650538014 = "#Recursive detected#";
              876399615623192586 = "#Recursive detected#";
              890119728503328878 = "#Recursive detected#";
              873418783056855080 = "#Recursive detected#";
              754620785426956350 = "#Recursive detected#";
              878115157585301554 = "#Recursive detected#";
              873421155162275881 = "#Recursive detected#";
              873420081781157888 = "#Recursive detected#";
              873878569258979378 = "#Recursive detected#";
              838950914668232714 = "#Recursive detected#";
              833588321463828490 = "#Recursive detected#";
              819763571117916160 = "#Recursive detected#";
              881432639507136563 = "#Recursive detected#";
              873420253542105119 = "#Recursive detected#";
              754620785426956352 = "#Recursive detected#";
              870243263825707019 = "#Recursive detected#";
              835796172328796182 = "#Recursive detected#";
              870243263825707020 = "#Recursive detected#";
              873421189257785395 = "#Recursive detected#";
              873421460499214417 = "#Recursive detected#";
              873420327353479199 = "#Recursive detected#";
              873418729436880937 = "#Recursive detected#";
              829546628830199808 = "#Recursive detected#";
              873419941796261908 = "#Recursive detected#";
              842041669750882311 = "#Recursive detected#";
              873418314850902107 = "#Recursive detected#";
              873697035109429299 = "#Recursive detected#";
              873419401397932033 = "#Recursive detected#";
              819765068203819038 = "#Recursive detected#";
              873419394787721226 = "#Recursive detected#";
              873423631764582420 = "#Recursive detected#";
              893847852084760636 = "#Recursive detected#";
            };
            [17] = {
              PRESENCE_UPDATE = function: 0x8352249c68;
              RELATIONSHIP_REMOVE = function: 0x8352249610;
              GUILD_MEMBERS_CHUNK = function: 0x8352249218;
              CHANNEL_DELETE = function: 0x8352249440;
              MESSAGE_CREATE = function: 0x8352249598;
              MESSAGE_UPDATE = function: 0x8352249a60;
              WEBHOOKS_UPDATE = function: 0x8352249878;
              GUILD_CREATE = function: 0x8352249378;
              READY = function: 0x83522490c0;
              GUILD_SYNC = function: 0x83522492f8;
              GUILD_MEMBER_REMOVE = function: 0x83522494b8;
              MESSAGE_DELETE_BULK = function: 0x8352249ae0;
              RESUMED = function: 0x83522491e8;
              GUILD_ROLE_DELETE = function: 0x8352249560;
              CHANNEL_UPDATE = function: 0x8352249290;
              RELATIONSHIP_ADD = function: 0x8352249410;
              MESSAGE_REACTION_REMOVE_ALL = function: 0x8352249be8;
              MESSAGE_REACTION_REMOVE = function: 0x8352249ba0;
              GUILD_EMOJIS_UPDATE = function: 0x83522496b0;
              CHANNEL_PINS_UPDATE = function: 0x8352249c28;
              GUILD_MEMBER_ADD = function: 0x83522496e8;
              TYPING_START = function: 0x8352249ca0;
              CHANNEL_RECIPIENT_ADD = function: 0x83522491b0;
              VOICE_SERVER_UPDATE = function: 0x8352249838;
              VOICE_STATE_UPDATE = function: 0x83522497b8;
              GUILD_MEMBER_UPDATE = function: 0x8352249720;
              CHANNEL_CREATE = function: 0x8352249338;
              MESSAGE_REACTION_ADD = function: 0x8352249b20;
              GUILD_BAN_ADD = function: 0x8352249640;
              GUILD_ROLE_UPDATE = function: 0x8352249528;
              USER_UPDATE = function: 0x8352249758;
              CHANNEL_RECIPIENT_REMOVE = function: 0x8352249480;
              MESSAGE_DELETE = function: 0x8352249aa0;
              GUILD_BAN_REMOVE = function: 0x8352249678;
              GUILD_DELETE = function: 0x83522493e0;
              GUILD_ROLE_CREATE = function: 0x83522494f0;
              GUILD_UPDATE = function: 0x83522493b0;
            };
            [18] = {
              status = {};
              since = "#Recursive detected#";
              afk = "#Recursive detected#";
              game = {
                name = "'미나야 도움말' 을 이용해 도움말을 얻거나 '미나야 <할말>' 을 이용해 미나와 대화하세요!";
                type = 0;
              };
            };
            [19] = "#Recursive detected#";
            [20] = "Bot ODI4ODk0NDgxMjg5OTY5NjY1.YGwOJA.UKTxDbmGaDah782PWD9SSDbkY-0";
            [21] = "#Recursive detected#";
            [22] = 1;
            [23] = 1;
          };
          [2] = false;
          [3] = "873219252931424287";
          [4] = "#Recursive detected#";
          [5] = "#Recursive detected#";
          [6] = "#Recursive detected#";
          [7] = "#Recursive detected#";
          [8] = "#Recursive detected#";
          [9] = "#Recursive detected#";
          [10] = {
            546280086232629249 = {
              self_video = false;
              session_id = "9995ea1fa27ef6f772533828fda91ab0";
              channel_id = "873422929277374484";
              suppress = false;
              self_deaf = false;
              self_mute = true;
              user_id = "546280086232629249";
              deaf = false;
              request_to_speak_timestamp = "#Recursive detected#";
              mute = false;
            };
            367946917197381644 = {
              self_video = false;
              member = {
                is_pending = false;
                mute = false;
                user = {
                  discriminator = "1234";
                  public_flags = 64;
                  id = "367946917197381644";
                  username = "므야야ㅑㅑㅑ";
                  avatar = "9475979bf6842d64148d1344ffacdc5d";
                };
                avatar = "#Recursive detected#";
                premium_since = "#Recursive detected#";
                deaf = false;
                nick = "귀엽다 전쟁은 계속된다";
                pending = false;
                hoisted_role = "873949199413182524";
                joined_at = "2021-09-25T02:41:12.812893+00:00";
                roles = {
                  [1] = "873423146663948288";
                  [2] = "877566728496893953";
                  [3] = "877566744674324480";
                  [4] = "873437002991808582";
                  [5] = "873439529921564712";
                  [6] = "873438235882319913";
                  [7] = "873949199413182524";
                };
              };
              session_id = "8369c1af9b6dd2d0fe374d77bcf95e78";
              guild_id = "873219252931424287";
              channel_id = "873422144531488781";
              deaf = false;
              suppress = false;
              self_deaf = false;
              self_mute = false;
              user_id = "367946917197381644";
              mute = false;
              self_stream = true;
              request_to_speak_timestamp = "#Recursive detected#";
            };
            695844821427814400 = {
              self_video = false;
              session_id = "9371481f5aad8bbdf6c8edd493038167";
              channel_id = "873422929277374484";
              suppress = false;
              self_deaf = false;
              self_mute = true;
              user_id = "695844821427814400";
              deaf = false;
              request_to_speak_timestamp = "#Recursive detected#";
              mute = false;
            };
            763913700372643881 = {
              self_video = false;
              session_id = "73a66d84f084ed682ea99b69f15c07a7";
              channel_id = "873422929277374484";
              suppress = false;
              self_deaf = false;
              self_mute = false;
              user_id = "763913700372643881";
              deaf = false;
              request_to_speak_timestamp = "#Recursive detected#";
              mute = false;
            };
            828894481289969665 = {
              self_video = false;
              member = {
                is_pending = false;
                mute = false;
                user = {
                  discriminator = "6938";
                  id = "828894481289969665";
                  username = "미나";
                  avatar = "48aae1de0adbf0a8e9b16350add0f3a2";
                  bot = true;
                };
                avatar = "#Recursive detected#";
                premium_since = "#Recursive detected#";
                deaf = false;
                nick = "#Recursive detected#";
                pending = false;
                hoisted_role = "873417975875661874";
                joined_at = "2021-10-02T08:58:19.737524+00:00";
                roles = {
                  [1] = "893783951368400937";
                  [2] = "873417975875661874";
                };
              };
              session_id = "2f674f13f3a8c0e3afad3af1bfe598f1";
              request_to_speak_timestamp = "#Recursive detected#";
              token = "dfddb9a1894ef25a";
              channel_id = "873422144531488781";
              deaf = false;
              suppress = false;
              self_deaf = false;
              self_mute = false;
              user_id = "828894481289969665";
              guild_id = "873219252931424287";
              mute = false;
              endpoint = "south-korea1080.discord.media:443";
            };
            519493513872801794 = {
              self_video = false;
              session_id = "048b6ac81bf6f0c07326db14454326da";
              channel_id = "873422929277374484";
              suppress = false;
              self_deaf = false;
              self_mute = true;
              user_id = "519493513872801794";
              deaf = false;
              request_to_speak_timestamp = "#Recursive detected#";
              mute = false;
            };
          };
          [12] = 0;
          [13] = false;
          [15] = 33;
          [17] = 300;
          [19] = "873421155162275881";
          [20] = true;
          [21] = 77;
          [22] = 25;
          [23] = false;
          [24] = 0;
          [25] = 250000;
          [26] = 0;
          [28] = 0;
          [29] = "en-US";
          [30] = "2021-10-02T08:58:19.737524+00:00";
          [32] = false;
          [33] = "ff00dd39edb428a0e24cdc4940b9c165";
          [34] = 1;
          [35] = "752953599587385557";
          [36] = "Eunoia";
          [38] = 1;
          [40] = "south-korea";
          [41] = 0;
          [43] = 2;
          [44] = {
            [1] = "INVITE_SPLASH";
            [2] = "NEW_THREAD_PERMISSIONS";
            [3] = "ANIMATED_ICON";
            [4] = "THREE_DAY_THREAD_ARCHIVE";
          };
          [45] = "#Recursive detected#";
        };
        [3] = "873422144531488781";
        [5] = 99;
        [6] = "873219252931424289";
        [7] = 64000;
        [8] = 2;
        [10] = "🎵ㅣMUSIC ROOM 2";
        [11] = 7;
        [12] = "#Recursive detected#";
        [13] = false;
        [14] = "#Recursive detected#";
      };
      [2] = {};
      [4] = "cdata<const unsigned char [32]>: 0x8351f11ec0";
      [5] = {
        [1] = {};
        [2] = "#Recursive detected#";
        [3] = "#Recursive detected#";
        [4] = {
          [1] = 1.634531390866e+14;
        };
        [5] = "#Recursive detected#";
        [6] = "#Recursive detected#";
        [7] = "#Recursive detected#";
        [8] = "#Recursive detected#";
        [9] = "2f674f13f3a8c0e3afad3af1bfe598f1";
        [10] = function: 0x8352834cc0;
        [11] = function: 0x8352862460;
        [13] = uv_timer_t: 0x83529fd5e0;
        [14] = "xsalsa20_poly1305";
        [15] = 630721;
        [16] = uv_udp_t: 0x8352a4ef10;
        [17] = "35.216.24.120";
        [18] = 50002;
      };
      [6] = "35.216.24.120";
      [7] = 50002;
      [8] = uv_udp_t: 0x8352a4ef10;
      [9] = 630721;
      [10] = "xsalsa20_poly1305";
      [11] = "#Recursive detected#";
      [12] = "#Recursive detected#";
      [13] = 0;
      [14] = 0;
      [15] = "cdata<struct OpusEncoder *>: 0x8352a59390";
      [16] = true;
    };
    voiceChannelID = "873422144531488781";
    isPaused = false;
  };
}
